Determining if the pthread_create exist failed with the following output:
Change Dir: /home/asus/Escritorio/Project-Lidar_Mine_Jtk1-master/catkin_ws/build/CMakeFiles/CMakeTmp

Run Build Command:"/usr/bin/make" "cmTC_5c1c7/fast"
/usr/bin/make -f CMakeFiles/cmTC_5c1c7.dir/build.make CMakeFiles/cmTC_5c1c7.dir/build
make[1]: se entra en el directorio '/home/asus/Escritorio/Project-Lidar_Mine_Jtk1-master/catkin_ws/build/CMakeFiles/CMakeTmp'
Building C object CMakeFiles/cmTC_5c1c7.dir/CheckSymbolExists.c.o
/usr/bin/cc    -o CMakeFiles/cmTC_5c1c7.dir/CheckSymbolExists.c.o   -c /home/asus/Escritorio/Project-Lidar_Mine_Jtk1-master/catkin_ws/build/CMakeFiles/CMakeTmp/CheckSymbolExists.c
Linking C executable cmTC_5c1c7
/usr/bin/cmake -E cmake_link_script CMakeFiles/cmTC_5c1c7.dir/link.txt --verbose=1
/usr/bin/cc      -rdynamic CMakeFiles/cmTC_5c1c7.dir/CheckSymbolExists.c.o  -o cmTC_5c1c7 
CMakeFiles/cmTC_5c1c7.dir/CheckSymbolExists.c.o: En la función `main':
CheckSymbolExists.c:(.text+0x1b): referencia a `pthread_create' sin definir
collect2: error: ld returned 1 exit status
CMakeFiles/cmTC_5c1c7.dir/build.make:97: recipe for target 'cmTC_5c1c7' failed
make[1]: *** [cmTC_5c1c7] Error 1
make[1]: se sale del directorio '/home/asus/Escritorio/Project-Lidar_Mine_Jtk1-master/catkin_ws/build/CMakeFiles/CMakeTmp'
Makefile:126: recipe for target 'cmTC_5c1c7/fast' failed
make: *** [cmTC_5c1c7/fast] Error 2

File /home/asus/Escritorio/Project-Lidar_Mine_Jtk1-master/catkin_ws/build/CMakeFiles/CMakeTmp/CheckSymbolExists.c:
/* */
#include <pthread.h>

int main(int argc, char** argv)
{
  (void)argv;
#ifndef pthread_create
  return ((int*)(&pthread_create))[argc];
#else
  (void)argc;
  return 0;
#endif
}

Determining if the function pthread_create exists in the pthreads failed with the following output:
Change Dir: /home/asus/Escritorio/Project-Lidar_Mine_Jtk1-master/catkin_ws/build/CMakeFiles/CMakeTmp

Run Build Command:"/usr/bin/make" "cmTC_934dc/fast"
/usr/bin/make -f CMakeFiles/cmTC_934dc.dir/build.make CMakeFiles/cmTC_934dc.dir/build
make[1]: se entra en el directorio '/home/asus/Escritorio/Project-Lidar_Mine_Jtk1-master/catkin_ws/build/CMakeFiles/CMakeTmp'
Building C object CMakeFiles/cmTC_934dc.dir/CheckFunctionExists.c.o
/usr/bin/cc   -DCHECK_FUNCTION_EXISTS=pthread_create   -o CMakeFiles/cmTC_934dc.dir/CheckFunctionExists.c.o   -c /usr/share/cmake-3.10/Modules/CheckFunctionExists.c
Linking C executable cmTC_934dc
/usr/bin/cmake -E cmake_link_script CMakeFiles/cmTC_934dc.dir/link.txt --verbose=1
/usr/bin/cc  -DCHECK_FUNCTION_EXISTS=pthread_create    -rdynamic CMakeFiles/cmTC_934dc.dir/CheckFunctionExists.c.o  -o cmTC_934dc -lpthreads 
/usr/bin/ld: no se puede encontrar -lpthreads
collect2: error: ld returned 1 exit status
CMakeFiles/cmTC_934dc.dir/build.make:97: recipe for target 'cmTC_934dc' failed
make[1]: *** [cmTC_934dc] Error 1
make[1]: se sale del directorio '/home/asus/Escritorio/Project-Lidar_Mine_Jtk1-master/catkin_ws/build/CMakeFiles/CMakeTmp'
Makefile:126: recipe for target 'cmTC_934dc/fast' failed
make: *** [cmTC_934dc/fast] Error 2


